<?xml version="1.0" encoding="UTF-8"?>
<!-- Generated by org.testng.reporters.JUnitReportReporter -->
<testsuite hostname="Squbixs-Mac-mini.local" failures="0" tests="1" name="com.ssid.base.devices.Devices" time="5.101" errors="0" timestamp="2023-03-30T17:47:40 IST" skipped="0">
  <testcase classname="com.ssid.base.devices.Devices" name="fistDevice" time="5.101"/>
  <system-out/>
</testsuite> <!-- com.ssid.base.devices.Devices -->
