<?xml version="1.0" encoding="UTF-8"?>
<!-- Generated by org.testng.reporters.JUnitReportReporter -->
<testsuite hostname="Squbixs-Mac-mini.local" failures="0" tests="2" name="com.ssid.test.didTransaction.DidTransaction" time="115.872" errors="0" timestamp="2023-03-30T17:55:34 IST" skipped="0">
  <testcase classname="com.ssid.test.didTransaction.DidTransaction" name="didTrasaction" time="75.612"/>
  <system-out/>
  <testcase classname="com.ssid.test.didTransaction.DidTransaction" name="awalletOpen" time="40.260"/>
  <system-out/>
</testsuite> <!-- com.ssid.test.didTransaction.DidTransaction -->
