<?xml version="1.0" encoding="UTF-8"?>
<!-- Generated by org.testng.reporters.JUnitReportReporter -->
<testsuite hostname="Squbixs-Mac-mini.local" failures="0" tests="2" name="com.ssid.test.keyRotation.KeyRotation" time="160.175" errors="0" timestamp="2023-03-29T09:13:56 IST" skipped="0">
  <testcase classname="com.ssid.test.keyRotation.KeyRotation" name="forgoteEnemonics" time="112.347"/>
  <system-out/>
  <testcase classname="com.ssid.test.keyRotation.KeyRotation" name="setEnemonics" time="47.828"/>
  <system-out/>
</testsuite> <!-- com.ssid.test.keyRotation.KeyRotation -->
