<?xml version="1.0" encoding="UTF-8"?>
<!-- Generated by org.testng.reporters.JUnitReportReporter -->
<testsuite hostname="Squbixs-Mac-mini.local" failures="0" tests="2" name="com.ssid.test.signUp.SignUp" time="8.539" errors="0" timestamp="2023-03-30T17:31:48 IST" skipped="0">
  <testcase classname="com.ssid.test.signUp.SignUp" name="Signup" time="1.463"/>
  <system-out/>
  <testcase classname="com.ssid.test.signUp.SignUp" name="fistDevice" time="7.076"/>
  <system-out/>
</testsuite> <!-- com.ssid.test.signUp.SignUp -->
