<?xml version="1.0" encoding="UTF-8"?>
<!-- Generated by org.testng.reporters.JUnitReportReporter -->
<testsuite hostname="Squbixs-Mac-mini.local" failures="0" tests="1" name="com.ssid.test.didCreation.DidCreation" time="94.077" errors="0" timestamp="2023-03-29T16:14:20 IST" skipped="0">
  <testcase classname="com.ssid.test.didCreation.DidCreation" name="didCreation" time="94.077"/>
  <system-out/>
</testsuite> <!-- com.ssid.test.didCreation.DidCreation -->
